<?xml version="1.0" encoding="UTF-8"?>
<!-- Generated by org.testng.reporters.JUnitXMLReporter -->
<testsuite hostname="Jithin-PC" ignored="0" name="Default test" tests="3" failures="0" timestamp="2020-07-24T15:36:56 IST" time="43.406" errors="0">
  <testcase name="register" time="7.987" classname="Ecom.Ecompurchase"/>
  <testcase name="login" time="6.345" classname="Ecom.Ecompurchase"/>
  <testcase name="shopping" time="2.725" classname="Ecom.Ecompurchase"/>
</testsuite> <!-- Default test -->
